2023/10/10 16:39:49 [INFO]  Log File Created
2023/10/10 16:39:49 [INFO]  Welcome
2023/10/10 16:40:04 [INFO]  CSV data inserted into Kafka successfully!  FILENAME :: uploads/output.csv1696936204238233179
2023/10/10 16:40:18 [INFO]  ____________
2023/10/10 16:40:23 [INFO]  Batch Inserted...
2023/10/10 16:40:23 [INFO]  ____________
2023/10/10 16:40:30 [INFO]  Batch Inserted...
2023/10/10 16:40:30 [INFO]  ____________
2023/10/10 16:40:37 [INFO]  Batch Inserted...
2023/10/10 16:40:37 [INFO]  ____________
2023/10/10 16:40:43 [INFO]  Batch Inserted...
2023/10/10 16:40:43 [INFO]  ____________
2023/10/10 16:40:49 [INFO]  Batch Inserted...
2023/10/10 16:40:49 [INFO]  ____________
2023/10/10 16:40:54 [INFO]  Batch Inserted...
2023/10/10 16:40:54 [INFO]  ____________
2023/10/10 16:41:00 [INFO]  Batch Inserted...
2023/10/10 16:41:00 [INFO]  ____________
2023/10/10 16:41:06 [INFO]  Batch Inserted...
2023/10/10 16:41:06 [INFO]  ____________
2023/10/10 16:41:12 [INFO]  Batch Inserted...
2023/10/10 16:41:12 [INFO]  ____________
2023/10/10 16:41:18 [INFO]  Batch Inserted...
2023/10/10 16:41:18 [INFO]  ____________
